  anim.c
  audio.c
  bitmap.c
C:\Users\stjra\Documents\GitHub\MoonLights2Decompilation\src\bitmap.c(644,58): warning C4312: 'type cast': conversion from 'int' to 'char *' of greater size
C:\Users\stjra\Documents\GitHub\MoonLights2Decompilation\src\bitmap.c(649,60): warning C4312: 'type cast': conversion from 'int' to 'char *' of greater size
C:\Users\stjra\Documents\GitHub\MoonLights2Decompilation\src\bitmap.c(673,58): warning C4312: 'type cast': conversion from 'int' to 'char *' of greater size
C:\Users\stjra\Documents\GitHub\MoonLights2Decompilation\src\bitmap.c(673,63): warning C4311: 'type cast': pointer truncation from 'char *' to 'int'
C:\Users\stjra\Documents\GitHub\MoonLights2Decompilation\src\bitmap.c(722,15): warning C4047: 'initializing': 'char *' differs in levels of indirection from 'int'
  FileUtils.c
  game.c
  initGame.c
C:\Users\stjra\Documents\GitHub\MoonLights2Decompilation\src\initGame.c(455,47): warning C4133: '=': incompatible types - from 'int *' to 'int16_t *'
C:\Users\stjra\Documents\GitHub\MoonLights2Decompilation\src\initGame.c(492,48): warning C4133: '=': incompatible types - from 'int *' to 'int16_t *'
C:\Users\stjra\Documents\GitHub\MoonLights2Decompilation\src\initGame.c(498,90): warning C4312: 'type cast': conversion from 'int' to 'int16_t *' of greater size
C:\Users\stjra\Documents\GitHub\MoonLights2Decompilation\src\initGame.c(555,50): warning C4047: '=': 'int16_t **' differs in levels of indirection from 'int *'
C:\Users\stjra\Documents\GitHub\MoonLights2Decompilation\src\initGame.c(561,59): warning C4133: '<': incompatible types - from 'uint8_t **' to 'int16_t **'
C:\Users\stjra\Documents\GitHub\MoonLights2Decompilation\src\initGame.c(603,30): warning C4047: '=': 'char *' differs in levels of indirection from 'int'
  joy.c
  KeyboardManager.c
  main.c
C:\Users\stjra\Documents\GitHub\MoonLights2Decompilation\src\main.c(134,33): warning C4133: 'function': incompatible types - from 'Settings *' to 'GameSettings *'
  reg.c
  ResourceUtils.c
  timers.c
  Generating Code...
  MoonLights2Decompilation.vcxproj -> C:\Users\stjra\Documents\GitHub\MoonLights2Decompilation\x64\Debug\MoonLights2Decompilation.exe
