  anim.c
C:\Users\stjra\Documents\GitHub\MoonLights2Decompilation\src\anim.c(26,20): warning C4047: 'initializing': 'int' differs in levels of indirection from 'void *'
C:\Users\stjra\Documents\GitHub\MoonLights2Decompilation\src\anim.c(250,16): warning C4022: 'memset': pointer mismatch for actual parameter 1
C:\Users\stjra\Documents\GitHub\MoonLights2Decompilation\src\anim.c(277,9): warning C4013: 'isRectangleWithinScreen' undefined; assuming extern returning int
C:\Users\stjra\Documents\GitHub\MoonLights2Decompilation\src\anim.c(302,41): warning C4018: '>': signed/unsigned mismatch
C:\Users\stjra\Documents\GitHub\MoonLights2Decompilation\src\anim.c(348,28): warning C4047: '=': 'char *' differs in levels of indirection from 'int'
C:\Users\stjra\Documents\GitHub\MoonLights2Decompilation\src\anim.c(432,32): warning C4047: '=': 'char *' differs in levels of indirection from 'int'
  audio.c
C:\Users\stjra\Documents\GitHub\MoonLights2Decompilation\src\audio.c(46,31): warning C4133: 'function': incompatible types - from 'HMIXER' to 'HMIXEROBJ'
C:\Users\stjra\Documents\GitHub\MoonLights2Decompilation\src\audio.c(54,27): warning C4133: 'function': incompatible types - from 'HMIXER' to 'HMIXEROBJ'
C:\Users\stjra\Documents\GitHub\MoonLights2Decompilation\src\audio.c(66,34): warning C4133: 'function': incompatible types - from 'HMIXER' to 'HMIXEROBJ'
C:\Users\stjra\Documents\GitHub\MoonLights2Decompilation\src\audio.c(73,45): warning C4018: '<=': signed/unsigned mismatch
C:\Users\stjra\Documents\GitHub\MoonLights2Decompilation\src\audio.c(106,40): warning C4133: 'function': incompatible types - from 'HMIXER' to 'HMIXEROBJ'
C:\Users\stjra\Documents\GitHub\MoonLights2Decompilation\src\audio.c(20,12): warning C4101: 'mixerHandle': unreferenced local variable
  bitmap.c
C:\Users\stjra\Documents\GitHub\MoonLights2Decompilation\src\anim.h(18,50): warning C4028: formal parameter 1 different from declaration
  (compiling source file 'src/bitmap.c')
  
C:\Users\stjra\Documents\GitHub\MoonLights2Decompilation\src\game.h(56,34): warning C4142: 'resourceArraySize': benign redefinition of type
  (compiling source file 'src/bitmap.c')
  C:\Users\stjra\Documents\GitHub\MoonLights2Decompilation\src\ResourceUtils.h(14,12):
  see declaration of 'resourceArraySize'
  
C:\Users\stjra\Documents\GitHub\MoonLights2Decompilation\src\bitmap.c(25,28): warning C4142: 'g_screenBuffer': benign redefinition of type
  C:\Users\stjra\Documents\GitHub\MoonLights2Decompilation\src\bitmap.c(22,17):
  see declaration of 'g_screenBuffer'
  
C:\Users\stjra\Documents\GitHub\MoonLights2Decompilation\src\bitmap.c(39,1): warning C4091: 'extern ': ignored on left of 'HWND__ *' when no variable is declared
C:\Users\stjra\Documents\GitHub\MoonLights2Decompilation\src\bitmap.c(183,58): warning C4133: 'function': incompatible types - from 'WORD *' to 'char *'
C:\Users\stjra\Documents\GitHub\MoonLights2Decompilation\src\bitmap.c(205,5): warning C4047: 'return': 'WORD **' differs in levels of indirection from 'WORD *'
C:\Users\stjra\Documents\GitHub\MoonLights2Decompilation\src\bitmap.c(293,22): warning C4028: formal parameter 1 different from declaration
C:\Users\stjra\Documents\GitHub\MoonLights2Decompilation\src\bitmap.c(380,13): warning C4047: 'initializing': 'void (__cdecl **)(void *,LPDIRECTDRAWPALETTE)' differs in levels of indirection from 'void **'
C:\Users\stjra\Documents\GitHub\MoonLights2Decompilation\src\bitmap.c(431,55): warning C4028: formal parameter 2 different from declaration
C:\Users\stjra\Documents\GitHub\MoonLights2Decompilation\src\bitmap.c(471,17): warning C4101: 'palette': unreferenced local variable
C:\Users\stjra\Documents\GitHub\MoonLights2Decompilation\src\bitmap.c(527,24): warning C4047: '=': 'DWORD' differs in levels of indirection from 'HPALETTE'
C:\Users\stjra\Documents\GitHub\MoonLights2Decompilation\src\bitmap.c(530,12): warning C4047: '=': 'BYTE *' differs in levels of indirection from 'int'
C:\Users\stjra\Documents\GitHub\MoonLights2Decompilation\src\bitmap.c(579,34): warning C4047: 'function': 'char *' differs in levels of indirection from 'int'
C:\Users\stjra\Documents\GitHub\MoonLights2Decompilation\src\bitmap.c(579,34): warning C4024: 'flipImageVertically': different types for formal and actual parameter 1
C:\Users\stjra\Documents\GitHub\MoonLights2Decompilation\src\bitmap.c(639,9): warning C4013: 'isGraphicsInitialized' undefined; assuming extern returning int
C:\Users\stjra\Documents\GitHub\MoonLights2Decompilation\src\bitmap.c(664,15): warning C4047: 'initializing': 'char *' differs in levels of indirection from 'int'
  FileUtils.c
C:\Users\stjra\Documents\GitHub\MoonLights2Decompilation\src\FileUtils.h(55,7): error C2373: 'ReadPortionOfFile': redefinition; different type modifiers
  (compiling source file 'src/FileUtils.c')
  C:\Users\stjra\Documents\GitHub\MoonLights2Decompilation\src\FileUtils.h(38,17):
  see declaration of 'ReadPortionOfFile'
  
C:\Users\stjra\Documents\GitHub\MoonLights2Decompilation\src\FileUtils.h(57,147): warning C4028: formal parameter 1 different from declaration
  (compiling source file 'src/FileUtils.c')
  
C:\Users\stjra\Documents\GitHub\MoonLights2Decompilation\src\FileUtils.h(57,147): warning C4028: formal parameter 3 different from declaration
  (compiling source file 'src/FileUtils.c')
  
C:\Users\stjra\Documents\GitHub\MoonLights2Decompilation\src\FileUtils.h(57,147): warning C4028: formal parameter 4 different from declaration
  (compiling source file 'src/FileUtils.c')
  
C:\Users\stjra\Documents\GitHub\MoonLights2Decompilation\src\FileUtils.h(71,6): warning C4273: '_splitpath': inconsistent dll linkage
  (compiling source file 'src/FileUtils.c')
  C:\Program Files (x86)\Windows Kits\10\Include\10.0.22621.0\ucrt\stdlib.h(1105,23):
  see previous definition of '_splitpath'
  
C:\Users\stjra\Documents\GitHub\MoonLights2Decompilation\src\FileUtils.c(101,9): warning C4028: formal parameter 1 different from declaration
C:\Users\stjra\Documents\GitHub\MoonLights2Decompilation\src\FileUtils.c(103,9): warning C4028: formal parameter 3 different from declaration
C:\Users\stjra\Documents\GitHub\MoonLights2Decompilation\src\FileUtils.c(104,12): warning C4028: formal parameter 4 different from declaration
C:\Users\stjra\Documents\GitHub\MoonLights2Decompilation\src\FileUtils.c(130,9): warning C4047: 'function': 'unsigned char *' differs in levels of indirection from 'int'
C:\Users\stjra\Documents\GitHub\MoonLights2Decompilation\src\FileUtils.c(130,9): warning C4024: 'HandleDataProcessing': different types for formal and actual parameter 1
C:\Users\stjra\Documents\GitHub\MoonLights2Decompilation\src\FileUtils.c(371,26): warning C4047: '=': 'unsigned int' differs in levels of indirection from 'unsigned char *'
C:\Users\stjra\Documents\GitHub\MoonLights2Decompilation\src\FileUtils.c(554,20): warning C4047: '=': 'int *' differs in levels of indirection from 'int'
C:\Users\stjra\Documents\GitHub\MoonLights2Decompilation\src\FileUtils.c(564,39): warning C4018: '<': signed/unsigned mismatch
C:\Users\stjra\Documents\GitHub\MoonLights2Decompilation\src\FileUtils.c(567,51): warning C4047: 'function': 'LPCSTR' differs in levels of indirection from 'char (*)[260]'
C:\Users\stjra\Documents\GitHub\MoonLights2Decompilation\src\FileUtils.c(567,51): warning C4024: 'ReadPortionOfFile': different types for formal and actual parameter 1
C:\Users\stjra\Documents\GitHub\MoonLights2Decompilation\src\FileUtils.c(572,21): warning C4047: 'function': 'int' differs in levels of indirection from 'void *'
C:\Users\stjra\Documents\GitHub\MoonLights2Decompilation\src\FileUtils.c(572,21): warning C4024: 'PerformSpecialDataProcessing': different types for formal and actual parameter 1
  game.c
C:\Users\stjra\Documents\GitHub\MoonLights2Decompilation\src\anim.h(18,50): warning C4028: formal parameter 1 different from declaration
  (compiling source file 'src/game.c')
  
C:\Users\stjra\Documents\GitHub\MoonLights2Decompilation\src\game.h(56,34): warning C4142: 'resourceArraySize': benign redefinition of type
  (compiling source file 'src/game.c')
  C:\Users\stjra\Documents\GitHub\MoonLights2Decompilation\src\ResourceUtils.h(14,12):
  see declaration of 'resourceArraySize'
  
C:\Users\stjra\Documents\GitHub\MoonLights2Decompilation\src\game.c(102,19): warning C4018: '<': signed/unsigned mismatch
C:\Users\stjra\Documents\GitHub\MoonLights2Decompilation\src\game.c(152,78): warning C4022: 'CreateBitmap': pointer mismatch for actual parameter 5
  initGame.c
C:\Users\stjra\Documents\GitHub\MoonLights2Decompilation\src\bitmap.h(43,47): warning C4028: formal parameter 1 different from declaration
  (compiling source file 'src/initGame.c')
  
C:\Users\stjra\Documents\GitHub\MoonLights2Decompilation\src\FileUtils.h(55,7): error C2373: 'ReadPortionOfFile': redefinition; different type modifiers
  (compiling source file 'src/initGame.c')
  C:\Users\stjra\Documents\GitHub\MoonLights2Decompilation\src\FileUtils.h(38,17):
  see declaration of 'ReadPortionOfFile'
  
C:\Users\stjra\Documents\GitHub\MoonLights2Decompilation\src\FileUtils.h(57,147): warning C4028: formal parameter 1 different from declaration
  (compiling source file 'src/initGame.c')
  
C:\Users\stjra\Documents\GitHub\MoonLights2Decompilation\src\FileUtils.h(57,147): warning C4028: formal parameter 3 different from declaration
  (compiling source file 'src/initGame.c')
  
C:\Users\stjra\Documents\GitHub\MoonLights2Decompilation\src\FileUtils.h(57,147): warning C4028: formal parameter 4 different from declaration
  (compiling source file 'src/initGame.c')
  
C:\Users\stjra\Documents\GitHub\MoonLights2Decompilation\src\FileUtils.h(71,6): warning C4273: '_splitpath': inconsistent dll linkage
  (compiling source file 'src/initGame.c')
  C:\Program Files (x86)\Windows Kits\10\Include\10.0.22621.0\ucrt\stdlib.h(1105,23):
  see previous definition of '_splitpath'
  
C:\Users\stjra\Documents\GitHub\MoonLights2Decompilation\src\initGame.c(78,6): warning C4273: '_makepath': inconsistent dll linkage
  C:\Program Files (x86)\Windows Kits\10\Include\10.0.22621.0\ucrt\stdlib.h(1095,1):
  see previous definition of '_makepath'
  
C:\Users\stjra\Documents\GitHub\MoonLights2Decompilation\src\initGame.c(89,92): warning C4028: formal parameter 2 different from declaration
C:\Users\stjra\Documents\GitHub\MoonLights2Decompilation\src\initGame.c(89,92): warning C4028: formal parameter 3 different from declaration
C:\Users\stjra\Documents\GitHub\MoonLights2Decompilation\src\initGame.c(89,92): warning C4028: formal parameter 4 different from declaration
C:\Users\stjra\Documents\GitHub\MoonLights2Decompilation\src\initGame.c(91,78): warning C4028: formal parameter 1 different from declaration
C:\Users\stjra\Documents\GitHub\MoonLights2Decompilation\src\initGame.c(91,78): warning C4028: formal parameter 2 different from declaration
C:\Users\stjra\Documents\GitHub\MoonLights2Decompilation\src\initGame.c(91,78): warning C4028: formal parameter 3 different from declaration
C:\Users\stjra\Documents\GitHub\MoonLights2Decompilation\src\initGame.c(166,63): warning C4047: 'function': 'int' differs in levels of indirection from 'HBITMAP *'
C:\Users\stjra\Documents\GitHub\MoonLights2Decompilation\src\initGame.c(166,63): warning C4024: 'ProcessBitmapData': different types for formal and actual parameter 2
C:\Users\stjra\Documents\GitHub\MoonLights2Decompilation\src\initGame.c(166,77): warning C4047: 'function': 'int' differs in levels of indirection from 'DWORD *'
C:\Users\stjra\Documents\GitHub\MoonLights2Decompilation\src\initGame.c(166,77): warning C4024: 'ProcessBitmapData': different types for formal and actual parameter 3
C:\Users\stjra\Documents\GitHub\MoonLights2Decompilation\src\initGame.c(168,32): warning C4047: 'function': 'uint8_t *' differs in levels of indirection from 'int'
C:\Users\stjra\Documents\GitHub\MoonLights2Decompilation\src\initGame.c(168,32): warning C4024: 'ProcessBitmapData': different types for formal and actual parameter 1
C:\Users\stjra\Documents\GitHub\MoonLights2Decompilation\src\initGame.c(168,48): warning C4047: 'function': 'int' differs in levels of indirection from 'HBITMAP *'
C:\Users\stjra\Documents\GitHub\MoonLights2Decompilation\src\initGame.c(168,48): warning C4024: 'ProcessBitmapData': different types for formal and actual parameter 2
C:\Users\stjra\Documents\GitHub\MoonLights2Decompilation\src\initGame.c(168,62): warning C4047: 'function': 'int' differs in levels of indirection from 'DWORD *'
C:\Users\stjra\Documents\GitHub\MoonLights2Decompilation\src\initGame.c(168,62): warning C4024: 'ProcessBitmapData': different types for formal and actual parameter 3
C:\Users\stjra\Documents\GitHub\MoonLights2Decompilation\src\initGame.c(169,65): warning C4047: 'function': 'int' differs in levels of indirection from 'HBITMAP *'
C:\Users\stjra\Documents\GitHub\MoonLights2Decompilation\src\initGame.c(169,65): warning C4024: 'ProcessBitmapData': different types for formal and actual parameter 2
C:\Users\stjra\Documents\GitHub\MoonLights2Decompilation\src\initGame.c(169,79): warning C4047: 'function': 'int' differs in levels of indirection from 'DWORD *'
C:\Users\stjra\Documents\GitHub\MoonLights2Decompilation\src\initGame.c(169,79): warning C4024: 'ProcessBitmapData': different types for formal and actual parameter 3
C:\Users\stjra\Documents\GitHub\MoonLights2Decompilation\src\initGame.c(171,36): warning C4047: 'function': 'uint8_t *' differs in levels of indirection from 'int'
C:\Users\stjra\Documents\GitHub\MoonLights2Decompilation\src\initGame.c(171,36): warning C4024: 'ProcessBitmapData': different types for formal and actual parameter 1
C:\Users\stjra\Documents\GitHub\MoonLights2Decompilation\src\initGame.c(171,51): warning C4047: 'function': 'int' differs in levels of indirection from 'HBITMAP *'
C:\Users\stjra\Documents\GitHub\MoonLights2Decompilation\src\initGame.c(171,51): warning C4024: 'ProcessBitmapData': different types for formal and actual parameter 2
C:\Users\stjra\Documents\GitHub\MoonLights2Decompilation\src\initGame.c(171,65): warning C4047: 'function': 'int' differs in levels of indirection from 'DWORD *'
C:\Users\stjra\Documents\GitHub\MoonLights2Decompilation\src\initGame.c(171,65): warning C4024: 'ProcessBitmapData': different types for formal and actual parameter 3
C:\Users\stjra\Documents\GitHub\MoonLights2Decompilation\src\initGame.c(172,69): warning C4047: 'function': 'int' differs in levels of indirection from 'HBITMAP *'
C:\Users\stjra\Documents\GitHub\MoonLights2Decompilation\src\initGame.c(172,69): warning C4024: 'ProcessBitmapData': different types for formal and actual parameter 2
C:\Users\stjra\Documents\GitHub\MoonLights2Decompilation\src\initGame.c(172,83): warning C4047: 'function': 'int' differs in levels of indirection from 'DWORD *'
C:\Users\stjra\Documents\GitHub\MoonLights2Decompilation\src\initGame.c(172,83): warning C4024: 'ProcessBitmapData': different types for formal and actual parameter 3
C:\Users\stjra\Documents\GitHub\MoonLights2Decompilation\src\initGame.c(174,71): warning C4047: 'function': 'uint8_t *' differs in levels of indirection from 'int'
C:\Users\stjra\Documents\GitHub\MoonLights2Decompilation\src\initGame.c(174,71): warning C4024: 'ProcessBitmapData': different types for formal and actual parameter 1
C:\Users\stjra\Documents\GitHub\MoonLights2Decompilation\src\initGame.c(174,95): warning C4047: 'function': 'int' differs in levels of indirection from 'HBITMAP *'
C:\Users\stjra\Documents\GitHub\MoonLights2Decompilation\src\initGame.c(174,95): warning C4024: 'ProcessBitmapData': different types for formal and actual parameter 2
C:\Users\stjra\Documents\GitHub\MoonLights2Decompilation\src\initGame.c(174,109): warning C4047: 'function': 'int' differs in levels of indirection from 'DWORD *'
C:\Users\stjra\Documents\GitHub\MoonLights2Decompilation\src\initGame.c(174,109): warning C4024: 'ProcessBitmapData': different types for formal and actual parameter 3
C:\Users\stjra\Documents\GitHub\MoonLights2Decompilation\src\initGame.c(181,73): warning C4047: 'function': 'int' differs in levels of indirection from 'HBITMAP *'
C:\Users\stjra\Documents\GitHub\MoonLights2Decompilation\src\initGame.c(181,73): warning C4024: 'ProcessBitmapData': different types for formal and actual parameter 2
C:\Users\stjra\Documents\GitHub\MoonLights2Decompilation\src\initGame.c(181,87): warning C4047: 'function': 'int' differs in levels of indirection from 'DWORD *'
C:\Users\stjra\Documents\GitHub\MoonLights2Decompilation\src\initGame.c(181,87): warning C4024: 'ProcessBitmapData': different types for formal and actual parameter 3
C:\Users\stjra\Documents\GitHub\MoonLights2Decompilation\src\initGame.c(183,74): warning C4047: 'function': 'int' differs in levels of indirection from 'HBITMAP *'
C:\Users\stjra\Documents\GitHub\MoonLights2Decompilation\src\initGame.c(183,74): warning C4024: 'ProcessBitmapData': different types for formal and actual parameter 2
C:\Users\stjra\Documents\GitHub\MoonLights2Decompilation\src\initGame.c(183,88): warning C4047: 'function': 'int' differs in levels of indirection from 'DWORD *'
C:\Users\stjra\Documents\GitHub\MoonLights2Decompilation\src\initGame.c(183,88): warning C4024: 'ProcessBitmapData': different types for formal and actual parameter 3
C:\Users\stjra\Documents\GitHub\MoonLights2Decompilation\src\initGame.c(217,44): warning C4047: '=': 'int' differs in levels of indirection from 'void *'
C:\Users\stjra\Documents\GitHub\MoonLights2Decompilation\src\initGame.c(346,47): warning C4133: '=': incompatible types - from 'int *' to 'int16_t *'
C:\Users\stjra\Documents\GitHub\MoonLights2Decompilation\src\initGame.c(354,56): warning C4133: '<': incompatible types - from 'int *' to 'int16_t *'
C:\Users\stjra\Documents\GitHub\MoonLights2Decompilation\src\initGame.c(383,48): warning C4133: '=': incompatible types - from 'int *' to 'int16_t *'
C:\Users\stjra\Documents\GitHub\MoonLights2Decompilation\src\initGame.c(446,50): warning C4133: '=': incompatible types - from 'int *' to 'int16_t *'
C:\Users\stjra\Documents\GitHub\MoonLights2Decompilation\src\initGame.c(452,59): warning C4047: '<': 'int16_t *' differs in levels of indirection from 'uint8_t **'
  joy.c
C:\Users\stjra\Documents\GitHub\MoonLights2Decompilation\src\joy.c(78,44): warning C4133: 'function': incompatible types - from 'JOYCAPS *' to 'LPJOYCAPSA'
C:\Users\stjra\Documents\GitHub\MoonLights2Decompilation\src\joy.c(130,36): warning C4133: '=': incompatible types - from 'const char *' to 'LPCWSTR'
C:\Users\stjra\Documents\GitHub\MoonLights2Decompilation\src\joy.c(136,9): warning C4133: 'function': incompatible types - from 'const char *' to 'LPCWSTR'
  KeyboardManager.c
  main.c
C:\Users\stjra\Documents\GitHub\MoonLights2Decompilation\src\FileUtils.h(55,7): error C2373: 'ReadPortionOfFile': redefinition; different type modifiers
  (compiling source file 'src/main.c')
  C:\Users\stjra\Documents\GitHub\MoonLights2Decompilation\src\FileUtils.h(38,17):
  see declaration of 'ReadPortionOfFile'
  
C:\Users\stjra\Documents\GitHub\MoonLights2Decompilation\src\FileUtils.h(57,147): warning C4028: formal parameter 1 different from declaration
  (compiling source file 'src/main.c')
  
C:\Users\stjra\Documents\GitHub\MoonLights2Decompilation\src\FileUtils.h(57,147): warning C4028: formal parameter 3 different from declaration
  (compiling source file 'src/main.c')
  
C:\Users\stjra\Documents\GitHub\MoonLights2Decompilation\src\FileUtils.h(57,147): warning C4028: formal parameter 4 different from declaration
  (compiling source file 'src/main.c')
  
C:\Users\stjra\Documents\GitHub\MoonLights2Decompilation\src\FileUtils.h(71,6): warning C4273: '_splitpath': inconsistent dll linkage
  (compiling source file 'src/main.c')
  C:\Program Files (x86)\Windows Kits\10\Include\10.0.22621.0\ucrt\stdlib.h(1105,23):
  see previous definition of '_splitpath'
  
C:\Users\stjra\Documents\GitHub\MoonLights2Decompilation\src\main.c(83,12): warning C4133: 'initializing': incompatible types - from 'char [3]' to 'LPTSTR'
C:\Users\stjra\Documents\GitHub\MoonLights2Decompilation\src\main.c(134,33): warning C4133: 'function': incompatible types - from 'Settings *' to 'GameSettings *'
C:\Users\stjra\Documents\GitHub\MoonLights2Decompilation\src\main.c(141,20): error C2440: 'function': cannot convert from 'LRESULT (__cdecl *)(HWND,UINT,WPARAM,LPARAM)' to 'DLGPROC'
C:\Users\stjra\Documents\GitHub\MoonLights2Decompilation\src\main.c(141,20): warning C4024: 'DialogBoxParamW': different types for formal and actual parameter 4
C:\Users\stjra\Documents\GitHub\MoonLights2Decompilation\src\main.c(177,5): warning C4013: 'initGame' undefined; assuming extern returning int
C:\Users\stjra\Documents\GitHub\MoonLights2Decompilation\src\main.c(367,18): error C2373: 'MainDialogProc': redefinition; different type modifiers
  C:\Users\stjra\Documents\GitHub\MoonLights2Decompilation\src\main.h(45,9):
  see declaration of 'MainDialogProc'
  
C:\Users\stjra\Documents\GitHub\MoonLights2Decompilation\src\main.c(420,83): error C2440: 'function': cannot convert from 'LRESULT (__cdecl *)(HWND,UINT,WPARAM,LPARAM)' to 'DLGPROC'
C:\Users\stjra\Documents\GitHub\MoonLights2Decompilation\src\main.c(420,83): warning C4024: 'DialogBoxParamW': different types for formal and actual parameter 4
C:\Users\stjra\Documents\GitHub\MoonLights2Decompilation\src\main.c(460,17): error C2440: 'function': cannot convert from 'LRESULT (__cdecl *)(HWND,UINT,WPARAM,LPARAM)' to 'DLGPROC'
C:\Users\stjra\Documents\GitHub\MoonLights2Decompilation\src\main.c(460,17): warning C4024: 'DialogBoxParamW': different types for formal and actual parameter 4
C:\Users\stjra\Documents\GitHub\MoonLights2Decompilation\src\main.c(470,21): error C2440: 'function': cannot convert from 'LRESULT (__cdecl *)(HWND,UINT,WPARAM,LPARAM)' to 'DLGPROC'
C:\Users\stjra\Documents\GitHub\MoonLights2Decompilation\src\main.c(470,21): warning C4024: 'DialogBoxParamW': different types for formal and actual parameter 4
C:\Users\stjra\Documents\GitHub\MoonLights2Decompilation\src\main.c(474,21): error C2440: 'function': cannot convert from 'LRESULT (__cdecl *)(HWND,UINT,WPARAM,LPARAM)' to 'DLGPROC'
C:\Users\stjra\Documents\GitHub\MoonLights2Decompilation\src\main.c(474,21): warning C4024: 'DialogBoxParamW': different types for formal and actual parameter 4
C:\Users\stjra\Documents\GitHub\MoonLights2Decompilation\src\main.c(478,21): error C2440: 'function': cannot convert from 'LRESULT (__cdecl *)(HWND,UINT,WPARAM,LPARAM)' to 'DLGPROC'
C:\Users\stjra\Documents\GitHub\MoonLights2Decompilation\src\main.c(478,21): warning C4024: 'DialogBoxParamW': different types for formal and actual parameter 4
C:\Users\stjra\Documents\GitHub\MoonLights2Decompilation\src\main.c(482,21): error C2440: 'function': cannot convert from 'LRESULT (__cdecl *)(HWND,UINT,WPARAM,LPARAM)' to 'DLGPROC'
C:\Users\stjra\Documents\GitHub\MoonLights2Decompilation\src\main.c(482,21): warning C4024: 'DialogBoxParamW': different types for formal and actual parameter 4
C:\Users\stjra\Documents\GitHub\MoonLights2Decompilation\src\main.c(486,21): error C2440: 'function': cannot convert from 'LRESULT (__cdecl *)(HWND,UINT,WPARAM,LPARAM)' to 'DLGPROC'
C:\Users\stjra\Documents\GitHub\MoonLights2Decompilation\src\main.c(486,21): warning C4024: 'DialogBoxParamW': different types for formal and actual parameter 4
  reg.c
  ResourceUtils.c
C:\Users\stjra\Documents\GitHub\MoonLights2Decompilation\src\bitmap.h(43,47): warning C4028: formal parameter 1 different from declaration
  (compiling source file 'src/ResourceUtils.c')
  
C:\Users\stjra\Documents\GitHub\MoonLights2Decompilation\src\ResourceUtils.c(124,30): warning C4047: '=': 'int' differs in levels of indirection from 'int *'
C:\Users\stjra\Documents\GitHub\MoonLights2Decompilation\src\ResourceUtils.c(159,24): warning C4022: 'memset': pointer mismatch for actual parameter 1
  timers.c
  Generating Code...
