c:\users\stjra\documents\github\moonlights2decompilation\moonligh.33424678\debug\vc143.pdb
c:\users\stjra\documents\github\moonlights2decompilation\moonligh.33424678\debug\vc143.idb
c:\users\stjra\documents\github\moonlights2decompilation\moonligh.33424678\debug\timers.obj
c:\users\stjra\documents\github\moonlights2decompilation\moonligh.33424678\debug\resourceutils.obj
c:\users\stjra\documents\github\moonlights2decompilation\moonligh.33424678\debug\reg.obj
c:\users\stjra\documents\github\moonlights2decompilation\moonligh.33424678\debug\main.obj
c:\users\stjra\documents\github\moonlights2decompilation\moonligh.33424678\debug\keyboardmanager.obj
c:\users\stjra\documents\github\moonlights2decompilation\moonligh.33424678\debug\joy.obj
c:\users\stjra\documents\github\moonlights2decompilation\moonligh.33424678\debug\initgame.obj
c:\users\stjra\documents\github\moonlights2decompilation\moonligh.33424678\debug\game.obj
c:\users\stjra\documents\github\moonlights2decompilation\moonligh.33424678\debug\fileutils.obj
c:\users\stjra\documents\github\moonlights2decompilation\moonligh.33424678\debug\bitmap.obj
c:\users\stjra\documents\github\moonlights2decompilation\moonligh.33424678\debug\audio.obj
c:\users\stjra\documents\github\moonlights2decompilation\moonligh.33424678\debug\anim.obj
c:\users\stjra\documents\github\moonlights2decompilation\debug\moonlights2decompilation.exe
c:\users\stjra\documents\github\moonlights2decompilation\debug\moonlights2decompilation.pdb
c:\users\stjra\documents\github\moonlights2decompilation\moonligh.33424678\debug\moonlights2decompilation.ilk
c:\users\stjra\documents\github\moonlights2decompilation\moonligh.33424678\debug\moonligh.33424678.tlog\cl.command.1.tlog
c:\users\stjra\documents\github\moonlights2decompilation\moonligh.33424678\debug\moonligh.33424678.tlog\cl.items.tlog
c:\users\stjra\documents\github\moonlights2decompilation\moonligh.33424678\debug\moonligh.33424678.tlog\cl.read.1.tlog
c:\users\stjra\documents\github\moonlights2decompilation\moonligh.33424678\debug\moonligh.33424678.tlog\cl.write.1.tlog
c:\users\stjra\documents\github\moonlights2decompilation\moonligh.33424678\debug\moonligh.33424678.tlog\link.command.1.tlog
c:\users\stjra\documents\github\moonlights2decompilation\moonligh.33424678\debug\moonligh.33424678.tlog\link.read.1.tlog
c:\users\stjra\documents\github\moonlights2decompilation\moonligh.33424678\debug\moonligh.33424678.tlog\link.secondary.1.tlog
c:\users\stjra\documents\github\moonlights2decompilation\moonligh.33424678\debug\moonligh.33424678.tlog\link.write.1.tlog
